<assemblies timestamp="3/15/2021, 12:54:37 AM">
	<assembly name="/Users/jimmy/Documents/GitHub/ReactTesting/DemoSiteJS" config-file="undefined" test-framework="Jest" environment="darwin x64" run-date="3/15/2021" run-time="12:54:37 AM" time="2.083" total="4" passed="4" failed="0" skipped="0" errors="0">
		<errors/>
		<collection name="/Users/jimmy/Documents/GitHub/ReactTesting/DemoSiteJS/__jest__/__test__/Home.test.js" time="2.001" total="4" passed="4" failed="0" skipped="0">
			<test name="1) test 1 == 1" type="1. Hello Testing " method="Test" time="0.002" result="Pass">
				<output/>
				<traits></traits>
			</test>
			<test name="2) Test Header: find div#dHeader " type="1. Hello Testing " method="Test" time="0.006" result="Pass">
				<output/>
				<traits></traits>
			</test>
			<test name="3) Test Home Page: find div#dHeader " type="1. Hello Testing " method="Test" time="0.037" result="Pass">
				<output/>
				<traits></traits>
			</test>
			<test name="4) Test Home Page: find header comp " type="1. Hello Testing " method="Test" time="0.058" result="Pass">
				<output/>
				<traits></traits>
			</test>
		</collection>
	</assembly>
</assemblies>